<?xml version="1.0" encoding="UTF-8"?>
<testng-results ignored="0" total="1" passed="1" failed="0" skipped="0">
  <reporter-output>
  </reporter-output>
  <suite started-at="2025-09-01T11:31:21 IST" name="Default suite" finished-at="2025-09-01T11:32:04 IST" duration-ms="43652">
    <groups>
    </groups>
    <test started-at="2025-09-01T11:31:21 IST" name="Default test" finished-at="2025-09-01T11:32:04 IST" duration-ms="43652">
      <class name="Booking.Booking">
        <test-method signature="Bookingflow()[pri:0, instance:Booking.Booking@55183b20]" started-at="2025-09-01T11:31:21 IST" name="Bookingflow" finished-at="2025-09-01T11:32:04 IST" duration-ms="43589" status="PASS">
          <reporter-output>
          </reporter-output>
        </test-method> <!-- Bookingflow -->
      </class> <!-- Booking.Booking -->
    </test> <!-- Default test -->
  </suite> <!-- Default suite -->
</testng-results>
