<?xml version="1.0" encoding="UTF-8"?>
<testsuite xmlns:xsi="http://www.w3.org/2001/XMLSchema-instance" xsi:noNamespaceSchemaLocation="https://maven.apache.org/surefire/maven-surefire-plugin/xsd/surefire-test-report.xsd" version="3.0.1" name="TestSuite" time="34.676" tests="1" errors="0" skipped="0" failures="0">
  <properties>
[...]
</properties>
  <testcase name="runScenario[&quot;Register with multiple data&quot;, &quot;Registration Functionality&quot;](1)" classname="TestRunner.MyTestRunner" time="31.116">
    <system-out><![CDATA[
@regression
Scenario Outline: Register with multiple data                                                    # src/test/resources/Features/registration.feature:22
Browser launched before scenario
  Given user is on the registration page                                                         # StepDefinitions.Registration1.user_is_on_registration_page()
  When user enters "Manisha Dhank" as name                                                       # StepDefinitions.Registration1.user_enters_name(java.lang.String)
  And user enters "man@123.com" as email                                                         # StepDefinitions.Registration1.user_enters_email(java.lang.String)
  And user selects gender                                                                        # StepDefinitions.Registration1.user_selects_gender()
  And user enters "9027681589" as mobile number                                                  # StepDefinitions.Registration1.user_enters_mobile(java.lang.String)
  And user enters "03-12-2002" as DOB                                                            # StepDefinitions.Registration1.user_enters_dob(java.lang.String)
  And user enters "Selenium" as subject                                                          # StepDefinitions.Registration1.user_enters_subject(java.lang.String)
  And user selects hobbies                                                                       # StepDefinitions.Registration1.user_selects_hobbies()
  And user uploads picture "C:\Users\Manisha\OneDrive\Pictures\Screenshot 2024-11-13 154746.png" # StepDefinitions.Registration1.user_uploads_picture(java.lang.String)
  And user enters "123-SK-UP" as address                                                         # StepDefinitions.Registration1.user_enters_address(java.lang.String)
  And user selects "Rajasthan" as state                                                          # StepDefinitions.Registration1.user_selects_state(java.lang.String)
  And user selects "Agra" as city                                                                # StepDefinitions.Registration1.user_selects_city(java.lang.String)
  And user clicks on login button                                                                # StepDefinitions.Registration1.user_clicks_login_button()
Form submitted, expected: Success
  Then user should sees "Success"                                                                # StepDefinitions.Registration1.user_should_see(java.lang.String)
Browser closed after scenario
]]></system-out>
    <system-err><![CDATA[SLF4J: Failed to load class "org.slf4j.impl.StaticLoggerBinder".
SLF4J: Defaulting to no-operation (NOP) logger implementation
SLF4J: See http://www.slf4j.org/codes.html#StaticLoggerBinder for further details.
Aug 26, 2025 10:04:39 AM org.openqa.selenium.devtools.CdpVersionFinder findNearestMatch
WARNING: Unable to find an exact match for CDP version 139, returning the closest version; found: 135; Please update to a Selenium version that supports CDP version 139
]]></system-err>
  </testcase>
</testsuite>